SIMLOG:: Cycle           4 PC: 00000000 I: 00009196 R: 0   0 00000000 M: 0 0 00000000 00000000
SIMLOG:: Cycle           5 PC: 00000002 I: 00009169 R: 0   0 00000000 M: 0 0 00000000 00000000
SIMLOG:: Cycle           6 PC: 00000004 I: 0000c904 R: 0   0 00000000 M: 0 0 00000000 00000000
SIMLOG:: Cycle           7 PC: 00000004 I: 0000c904 R: 0   0 00000000 M: 0 0 00000096 00000000
SIMLOG:: Cycle           8 PC: 00000004 I: 0000c904 R: 1   1 00000096 M: 0 0 00000069 00000000
SIMLOG:: Cycle           9 PC: 00000004 I: 0000c904 R: 0   1 00000069 M: 0 0 00000069 00000000
SIMLOG:: Cycle          10 PC: 00000006 I: 00000000 R: 0   1 00000069 M: 0 0 00000069 00000000
SIMLOG:: Cycle          11 PC: 00000006 I: 00000000 R: 0   1 00000069 M: 0 0 00009669 00000000
SIMLOG:: Cycle          12 PC: 00000006 I: 00000000 R: 1   1 00009669 M: 0 0 00006900 00000000
SIMLOG:: Cycle          13 PC: 00000006 I: 00000000 R: 0   1 00006900 M: 0 0 00006900 00000000
SIMLOG:: Cycle          14 PC: 00000008 I: 00000000 R: 0   1 00006900 M: 0 0 00006900 00000000
SIMLOG:: Cycle          15 PC: 0000000a I: 00000000 R: 0   1 00006900 M: 0 0 00009669 00000000
SIMLOG:: Cycle          16 PC: 0000000a I: 00000000 R: 1   1 00009669 M: 0 0 00000000 00000000
SIMLOG:: Processor halted

SIMLOG:: sim_cycles          16

SIMLOG:: inst_count           3

SIMLOG:: dcachehit_count           0

SIMLOG:: icachehit_count           0

SIMLOG:: dcachereq_count           0

SIMLOG:: icachereq_count           0

